{"/Users/brholt/talks/citr-example/js/Search.jsx": {"path":"/Users/brholt/talks/citr-example/js/Search.jsx","statementMap":{"0":{"start":{"line":7,"column":4},"end":{"line":7,"column":17}},"1":{"start":{"line":9,"column":4},"end":{"line":11,"column":6}},"2":{"start":{"line":13,"column":4},"end":{"line":13,"column":73}},"3":{"start":{"line":16,"column":4},"end":{"line":16,"column":54}},"4":{"start":{"line":19,"column":4},"end":{"line":39,"column":6}},"5":{"start":{"line":34,"column":16},"end":{"line":34,"column":115}},"6":{"start":{"line":36,"column":34},"end":{"line":36,"column":85}}},"fnMap":{"0":{"name":"(anonymous_0)","decl":{"start":{"line":6,"column":2},"end":{"line":6,"column":3}},"loc":{"start":{"line":6,"column":21},"end":{"line":14,"column":3}},"line":6},"1":{"name":"(anonymous_1)","decl":{"start":{"line":15,"column":2},"end":{"line":15,"column":3}},"loc":{"start":{"line":15,"column":32},"end":{"line":17,"column":3}},"line":15},"2":{"name":"(anonymous_2)","decl":{"start":{"line":18,"column":2},"end":{"line":18,"column":3}},"loc":{"start":{"line":18,"column":11},"end":{"line":40,"column":3}},"line":18},"3":{"name":"(anonymous_3)","decl":{"start":{"line":33,"column":14},"end":{"line":33,"column":15}},"loc":{"start":{"line":34,"column":16},"end":{"line":34,"column":115}},"line":34},"4":{"name":"(anonymous_4)","decl":{"start":{"line":36,"column":17},"end":{"line":36,"column":18}},"loc":{"start":{"line":36,"column":34},"end":{"line":36,"column":85}},"line":36}},"branchMap":{},"s":{"0":3,"1":3,"2":3,"3":1,"4":4,"5":120,"6":92},"f":{"0":3,"1":1,"2":4,"3":120,"4":92},"b":{},"_coverageSchema":"332fd63041d2c1bcb487cc26dd0d5f7d97098a6c","hash":"7e32b3b890ba7dd102a8cd7fef99e23c79b10969"}
,"/Users/brholt/talks/citr-example/js/ShowCard.jsx": {"path":"/Users/brholt/talks/citr-example/js/ShowCard.jsx","statementMap":{"0":{"start":{"line":5,"column":16},"end":{"line":12,"column":1}},"1":{"start":{"line":14,"column":14},"end":{"line":18,"column":1}},"2":{"start":{"line":20,"column":17},"end":{"line":29,"column":1}},"3":{"start":{"line":21,"column":2},"end":{"line":28,"column":12}},"4":{"start":{"line":31,"column":0},"end":{"line":36,"column":2}}},"fnMap":{"0":{"name":"(anonymous_0)","decl":{"start":{"line":20,"column":17},"end":{"line":20,"column":18}},"loc":{"start":{"line":21,"column":2},"end":{"line":28,"column":12}},"line":21}},"branchMap":{},"s":{"0":1,"1":1,"2":1,"3":0,"4":1},"f":{"0":0},"b":{},"_coverageSchema":"332fd63041d2c1bcb487cc26dd0d5f7d97098a6c","hash":"f17313bda62d529aa92a804d92b7773c899cf074"}
}
