TN:
SF:/Users/brholt/talks/citr-example/js/Search.jsx
FN:6,(anonymous_0)
FN:15,(anonymous_1)
FN:18,(anonymous_2)
FN:33,(anonymous_3)
FN:36,(anonymous_4)
FNF:5
FNH:5
FNDA:3,(anonymous_0)
FNDA:1,(anonymous_1)
FNDA:4,(anonymous_2)
FNDA:120,(anonymous_3)
FNDA:92,(anonymous_4)
DA:7,3
DA:9,3
DA:13,3
DA:16,1
DA:19,4
DA:34,120
DA:36,92
LF:7
LH:7
BRF:0
BRH:0
end_of_record
TN:
SF:/Users/brholt/talks/citr-example/js/ShowCard.jsx
FN:20,(anonymous_0)
FNF:1
FNH:0
FNDA:0,(anonymous_0)
DA:5,1
DA:14,1
DA:20,1
DA:21,0
DA:31,1
LF:5
LH:4
BRF:0
BRH:0
end_of_record
